<?xml version="1.0" encoding="UTF-8"?>
<testng-results skipped="0" failed="0" ignored="0" total="1" passed="1">
  <reporter-output>
  </reporter-output>
  <suite name="CodingChallengeA2" duration-ms="37018" started-at="2019-04-24T06:46:26Z" finished-at="2019-04-24T06:47:03Z">
    <groups>
    </groups>
    <test name="MakeMyTripTests" duration-ms="37018" started-at="2019-04-24T06:46:26Z" finished-at="2019-04-24T06:47:03Z">
      <class name="makemytripTestcases.MakeMyTripTestCases">
        <test-method status="PASS" signature="preSetup()[pri:0, instance:makemytripTestcases.MakeMyTripTestCases@6c9f5c0d]" name="preSetup" is-config="true" duration-ms="13334" started-at="2019-04-24T06:46:26Z" finished-at="2019-04-24T06:46:39Z">
          <reporter-output>
          </reporter-output>
        </test-method> <!-- preSetup -->
        <test-method status="PASS" signature="test1()[pri:0, instance:makemytripTestcases.MakeMyTripTestCases@6c9f5c0d]" name="test1" duration-ms="23417" started-at="2019-04-24T06:46:39Z" finished-at="2019-04-24T06:47:03Z">
          <reporter-output>
          </reporter-output>
        </test-method> <!-- test1 -->
        <test-method status="PASS" signature="tearDown()[pri:0, instance:makemytripTestcases.MakeMyTripTestCases@6c9f5c0d]" name="tearDown" is-config="true" duration-ms="240" started-at="2019-04-24T06:47:03Z" finished-at="2019-04-24T06:47:03Z">
          <reporter-output>
          </reporter-output>
        </test-method> <!-- tearDown -->
      </class> <!-- makemytripTestcases.MakeMyTripTestCases -->
    </test> <!-- MakeMyTripTests -->
  </suite> <!-- CodingChallengeA2 -->
</testng-results>
